<?xml version="1.0" encoding="UTF-8"?>
<testsuite xmlns:xsi="http://www.w3.org/2001/XMLSchema-instance" xsi:noNamespaceSchemaLocation="https://maven.apache.org/surefire/maven-surefire-plugin/xsd/surefire-test-report.xsd" name="com.itwang.ReggieOrderApplicationTests" time="11.464" tests="1" errors="0" skipped="0" failures="0">
  <properties>
    <property name="sun.desktop" value="windows"/>
    <property name="awt.toolkit" value="sun.awt.windows.WToolkit"/>
    <property name="file.encoding.pkg" value="sun.io"/>
    <property name="java.specification.version" value="1.8"/>
    <property name="sun.cpu.isalist" value="amd64"/>
    <property name="sun.jnu.encoding" value="GBK"/>
    <property name="java.class.path" value="C:\Java\Development\Reggie-project\target\test-classes;C:\Java\Development\Reggie-project\target\classes;C:\Java\Software\apache-maven-3.6.1-bin\apache-maven-3.6.1\mvn_resp\org\springframework\boot\spring-boot-starter\2.6.3\spring-boot-starter-2.6.3.jar;C:\Java\Software\apache-maven-3.6.1-bin\apache-maven-3.6.1\mvn_resp\org\springframework\boot\spring-boot\2.6.3\spring-boot-2.6.3.jar;C:\Java\Software\apache-maven-3.6.1-bin\apache-maven-3.6.1\mvn_resp\org\springframework\spring-context\5.3.15\spring-context-5.3.15.jar;C:\Java\Software\apache-maven-3.6.1-bin\apache-maven-3.6.1\mvn_resp\org\springframework\boot\spring-boot-autoconfigure\2.6.3\spring-boot-autoconfigure-2.6.3.jar;C:\Java\Software\apache-maven-3.6.1-bin\apache-maven-3.6.1\mvn_resp\org\springframework\boot\spring-boot-starter-logging\2.6.3\spring-boot-starter-logging-2.6.3.jar;C:\Java\Software\apache-maven-3.6.1-bin\apache-maven-3.6.1\mvn_resp\ch\qos\logback\logback-classic\1.2.10\logback-classic-1.2.10.jar;C:\Java\Software\apache-maven-3.6.1-bin\apache-maven-3.6.1\mvn_resp\ch\qos\logback\logback-core\1.2.10\logback-core-1.2.10.jar;C:\Java\Software\apache-maven-3.6.1-bin\apache-maven-3.6.1\mvn_resp\org\apache\logging\log4j\log4j-to-slf4j\2.17.1\log4j-to-slf4j-2.17.1.jar;C:\Java\Software\apache-maven-3.6.1-bin\apache-maven-3.6.1\mvn_resp\org\apache\logging\log4j\log4j-api\2.17.1\log4j-api-2.17.1.jar;C:\Java\Software\apache-maven-3.6.1-bin\apache-maven-3.6.1\mvn_resp\org\slf4j\jul-to-slf4j\1.7.33\jul-to-slf4j-1.7.33.jar;C:\Java\Software\apache-maven-3.6.1-bin\apache-maven-3.6.1\mvn_resp\jakarta\annotation\jakarta.annotation-api\1.3.5\jakarta.annotation-api-1.3.5.jar;C:\Java\Software\apache-maven-3.6.1-bin\apache-maven-3.6.1\mvn_resp\org\springframework\spring-core\5.3.15\spring-core-5.3.15.jar;C:\Java\Software\apache-maven-3.6.1-bin\apache-maven-3.6.1\mvn_resp\org\springframework\spring-jcl\5.3.15\spring-jcl-5.3.15.jar;C:\Java\Software\apache-maven-3.6.1-bin\apache-maven-3.6.1\mvn_resp\org\yaml\snakeyaml\1.29\snakeyaml-1.29.jar;C:\Java\Software\apache-maven-3.6.1-bin\apache-maven-3.6.1\mvn_resp\org\springframework\boot\spring-boot-starter-test\2.6.3\spring-boot-starter-test-2.6.3.jar;C:\Java\Software\apache-maven-3.6.1-bin\apache-maven-3.6.1\mvn_resp\org\springframework\boot\spring-boot-test\2.6.3\spring-boot-test-2.6.3.jar;C:\Java\Software\apache-maven-3.6.1-bin\apache-maven-3.6.1\mvn_resp\org\springframework\boot\spring-boot-test-autoconfigure\2.6.3\spring-boot-test-autoconfigure-2.6.3.jar;C:\Java\Software\apache-maven-3.6.1-bin\apache-maven-3.6.1\mvn_resp\com\jayway\jsonpath\json-path\2.6.0\json-path-2.6.0.jar;C:\Java\Software\apache-maven-3.6.1-bin\apache-maven-3.6.1\mvn_resp\net\minidev\json-smart\2.4.7\json-smart-2.4.7.jar;C:\Java\Software\apache-maven-3.6.1-bin\apache-maven-3.6.1\mvn_resp\net\minidev\accessors-smart\2.4.7\accessors-smart-2.4.7.jar;C:\Java\Software\apache-maven-3.6.1-bin\apache-maven-3.6.1\mvn_resp\org\ow2\asm\asm\9.1\asm-9.1.jar;C:\Java\Software\apache-maven-3.6.1-bin\apache-maven-3.6.1\mvn_resp\jakarta\xml\bind\jakarta.xml.bind-api\2.3.3\jakarta.xml.bind-api-2.3.3.jar;C:\Java\Software\apache-maven-3.6.1-bin\apache-maven-3.6.1\mvn_resp\jakarta\activation\jakarta.activation-api\1.2.2\jakarta.activation-api-1.2.2.jar;C:\Java\Software\apache-maven-3.6.1-bin\apache-maven-3.6.1\mvn_resp\org\assertj\assertj-core\3.21.0\assertj-core-3.21.0.jar;C:\Java\Software\apache-maven-3.6.1-bin\apache-maven-3.6.1\mvn_resp\org\hamcrest\hamcrest\2.2\hamcrest-2.2.jar;C:\Java\Software\apache-maven-3.6.1-bin\apache-maven-3.6.1\mvn_resp\org\junit\jupiter\junit-jupiter\5.8.2\junit-jupiter-5.8.2.jar;C:\Java\Software\apache-maven-3.6.1-bin\apache-maven-3.6.1\mvn_resp\org\junit\jupiter\junit-jupiter-api\5.8.2\junit-jupiter-api-5.8.2.jar;C:\Java\Software\apache-maven-3.6.1-bin\apache-maven-3.6.1\mvn_resp\org\opentest4j\opentest4j\1.2.0\opentest4j-1.2.0.jar;C:\Java\Software\apache-maven-3.6.1-bin\apache-maven-3.6.1\mvn_resp\org\junit\platform\junit-platform-commons\1.8.2\junit-platform-commons-1.8.2.jar;C:\Java\Software\apache-maven-3.6.1-bin\apache-maven-3.6.1\mvn_resp\org\apiguardian\apiguardian-api\1.1.2\apiguardian-api-1.1.2.jar;C:\Java\Software\apache-maven-3.6.1-bin\apache-maven-3.6.1\mvn_resp\org\junit\jupiter\junit-jupiter-params\5.8.2\junit-jupiter-params-5.8.2.jar;C:\Java\Software\apache-maven-3.6.1-bin\apache-maven-3.6.1\mvn_resp\org\junit\jupiter\junit-jupiter-engine\5.8.2\junit-jupiter-engine-5.8.2.jar;C:\Java\Software\apache-maven-3.6.1-bin\apache-maven-3.6.1\mvn_resp\org\junit\platform\junit-platform-engine\1.8.2\junit-platform-engine-1.8.2.jar;C:\Java\Software\apache-maven-3.6.1-bin\apache-maven-3.6.1\mvn_resp\org\mockito\mockito-core\4.0.0\mockito-core-4.0.0.jar;C:\Java\Software\apache-maven-3.6.1-bin\apache-maven-3.6.1\mvn_resp\net\bytebuddy\byte-buddy\1.11.22\byte-buddy-1.11.22.jar;C:\Java\Software\apache-maven-3.6.1-bin\apache-maven-3.6.1\mvn_resp\net\bytebuddy\byte-buddy-agent\1.11.22\byte-buddy-agent-1.11.22.jar;C:\Java\Software\apache-maven-3.6.1-bin\apache-maven-3.6.1\mvn_resp\org\objenesis\objenesis\3.2\objenesis-3.2.jar;C:\Java\Software\apache-maven-3.6.1-bin\apache-maven-3.6.1\mvn_resp\org\mockito\mockito-junit-jupiter\4.0.0\mockito-junit-jupiter-4.0.0.jar;C:\Java\Software\apache-maven-3.6.1-bin\apache-maven-3.6.1\mvn_resp\org\skyscreamer\jsonassert\1.5.0\jsonassert-1.5.0.jar;C:\Java\Software\apache-maven-3.6.1-bin\apache-maven-3.6.1\mvn_resp\com\vaadin\external\google\android-json\0.0.20131108.vaadin1\android-json-0.0.20131108.vaadin1.jar;C:\Java\Software\apache-maven-3.6.1-bin\apache-maven-3.6.1\mvn_resp\org\springframework\spring-test\5.3.15\spring-test-5.3.15.jar;C:\Java\Software\apache-maven-3.6.1-bin\apache-maven-3.6.1\mvn_resp\org\xmlunit\xmlunit-core\2.8.4\xmlunit-core-2.8.4.jar;C:\Java\Software\apache-maven-3.6.1-bin\apache-maven-3.6.1\mvn_resp\org\springframework\boot\spring-boot-starter-web\2.6.3\spring-boot-starter-web-2.6.3.jar;C:\Java\Software\apache-maven-3.6.1-bin\apache-maven-3.6.1\mvn_resp\org\springframework\boot\spring-boot-starter-json\2.6.3\spring-boot-starter-json-2.6.3.jar;C:\Java\Software\apache-maven-3.6.1-bin\apache-maven-3.6.1\mvn_resp\com\fasterxml\jackson\core\jackson-databind\2.13.1\jackson-databind-2.13.1.jar;C:\Java\Software\apache-maven-3.6.1-bin\apache-maven-3.6.1\mvn_resp\com\fasterxml\jackson\core\jackson-annotations\2.13.1\jackson-annotations-2.13.1.jar;C:\Java\Software\apache-maven-3.6.1-bin\apache-maven-3.6.1\mvn_resp\com\fasterxml\jackson\core\jackson-core\2.13.1\jackson-core-2.13.1.jar;C:\Java\Software\apache-maven-3.6.1-bin\apache-maven-3.6.1\mvn_resp\com\fasterxml\jackson\datatype\jackson-datatype-jdk8\2.13.1\jackson-datatype-jdk8-2.13.1.jar;C:\Java\Software\apache-maven-3.6.1-bin\apache-maven-3.6.1\mvn_resp\com\fasterxml\jackson\datatype\jackson-datatype-jsr310\2.13.1\jackson-datatype-jsr310-2.13.1.jar;C:\Java\Software\apache-maven-3.6.1-bin\apache-maven-3.6.1\mvn_resp\com\fasterxml\jackson\module\jackson-module-parameter-names\2.13.1\jackson-module-parameter-names-2.13.1.jar;C:\Java\Software\apache-maven-3.6.1-bin\apache-maven-3.6.1\mvn_resp\org\springframework\boot\spring-boot-starter-tomcat\2.6.3\spring-boot-starter-tomcat-2.6.3.jar;C:\Java\Software\apache-maven-3.6.1-bin\apache-maven-3.6.1\mvn_resp\org\apache\tomcat\embed\tomcat-embed-core\9.0.56\tomcat-embed-core-9.0.56.jar;C:\Java\Software\apache-maven-3.6.1-bin\apache-maven-3.6.1\mvn_resp\org\apache\tomcat\embed\tomcat-embed-el\9.0.56\tomcat-embed-el-9.0.56.jar;C:\Java\Software\apache-maven-3.6.1-bin\apache-maven-3.6.1\mvn_resp\org\apache\tomcat\embed\tomcat-embed-websocket\9.0.56\tomcat-embed-websocket-9.0.56.jar;C:\Java\Software\apache-maven-3.6.1-bin\apache-maven-3.6.1\mvn_resp\org\springframework\spring-web\5.3.15\spring-web-5.3.15.jar;C:\Java\Software\apache-maven-3.6.1-bin\apache-maven-3.6.1\mvn_resp\org\springframework\spring-beans\5.3.15\spring-beans-5.3.15.jar;C:\Java\Software\apache-maven-3.6.1-bin\apache-maven-3.6.1\mvn_resp\org\springframework\spring-webmvc\5.3.15\spring-webmvc-5.3.15.jar;C:\Java\Software\apache-maven-3.6.1-bin\apache-maven-3.6.1\mvn_resp\org\springframework\spring-aop\5.3.15\spring-aop-5.3.15.jar;C:\Java\Software\apache-maven-3.6.1-bin\apache-maven-3.6.1\mvn_resp\org\springframework\spring-expression\5.3.15\spring-expression-5.3.15.jar;C:\Java\Software\apache-maven-3.6.1-bin\apache-maven-3.6.1\mvn_resp\com\baomidou\mybatis-plus-boot-starter\3.4.2\mybatis-plus-boot-starter-3.4.2.jar;C:\Java\Software\apache-maven-3.6.1-bin\apache-maven-3.6.1\mvn_resp\com\baomidou\mybatis-plus\3.4.2\mybatis-plus-3.4.2.jar;C:\Java\Software\apache-maven-3.6.1-bin\apache-maven-3.6.1\mvn_resp\com\baomidou\mybatis-plus-extension\3.4.2\mybatis-plus-extension-3.4.2.jar;C:\Java\Software\apache-maven-3.6.1-bin\apache-maven-3.6.1\mvn_resp\com\baomidou\mybatis-plus-core\3.4.2\mybatis-plus-core-3.4.2.jar;C:\Java\Software\apache-maven-3.6.1-bin\apache-maven-3.6.1\mvn_resp\com\baomidou\mybatis-plus-annotation\3.4.2\mybatis-plus-annotation-3.4.2.jar;C:\Java\Software\apache-maven-3.6.1-bin\apache-maven-3.6.1\mvn_resp\com\github\jsqlparser\jsqlparser\4.0\jsqlparser-4.0.jar;C:\Java\Software\apache-maven-3.6.1-bin\apache-maven-3.6.1\mvn_resp\org\mybatis\mybatis\3.5.6\mybatis-3.5.6.jar;C:\Java\Software\apache-maven-3.6.1-bin\apache-maven-3.6.1\mvn_resp\org\mybatis\mybatis-spring\2.0.5\mybatis-spring-2.0.5.jar;C:\Java\Software\apache-maven-3.6.1-bin\apache-maven-3.6.1\mvn_resp\org\springframework\boot\spring-boot-starter-jdbc\2.6.3\spring-boot-starter-jdbc-2.6.3.jar;C:\Java\Software\apache-maven-3.6.1-bin\apache-maven-3.6.1\mvn_resp\com\zaxxer\HikariCP\4.0.3\HikariCP-4.0.3.jar;C:\Java\Software\apache-maven-3.6.1-bin\apache-maven-3.6.1\mvn_resp\org\springframework\spring-jdbc\5.3.15\spring-jdbc-5.3.15.jar;C:\Java\Software\apache-maven-3.6.1-bin\apache-maven-3.6.1\mvn_resp\org\springframework\spring-tx\5.3.15\spring-tx-5.3.15.jar;C:\Java\Software\apache-maven-3.6.1-bin\apache-maven-3.6.1\mvn_resp\org\projectlombok\lombok\1.18.20\lombok-1.18.20.jar;C:\Java\Software\apache-maven-3.6.1-bin\apache-maven-3.6.1\mvn_resp\com\alibaba\fastjson\1.2.76\fastjson-1.2.76.jar;C:\Java\Software\apache-maven-3.6.1-bin\apache-maven-3.6.1\mvn_resp\commons-lang\commons-lang\2.6\commons-lang-2.6.jar;C:\Java\Software\apache-maven-3.6.1-bin\apache-maven-3.6.1\mvn_resp\mysql\mysql-connector-java\8.0.21\mysql-connector-java-8.0.21.jar;C:\Java\Software\apache-maven-3.6.1-bin\apache-maven-3.6.1\mvn_resp\com\alibaba\druid-spring-boot-starter\1.2.1\druid-spring-boot-starter-1.2.1.jar;C:\Java\Software\apache-maven-3.6.1-bin\apache-maven-3.6.1\mvn_resp\com\alibaba\druid\1.2.1\druid-1.2.1.jar;C:\Java\Software\apache-maven-3.6.1-bin\apache-maven-3.6.1\mvn_resp\org\slf4j\slf4j-api\1.7.33\slf4j-api-1.7.33.jar;C:\Java\Software\apache-maven-3.6.1-bin\apache-maven-3.6.1\mvn_resp\com\aliyun\aliyun-java-sdk-core\4.5.16\aliyun-java-sdk-core-4.5.16.jar;C:\Java\Software\apache-maven-3.6.1-bin\apache-maven-3.6.1\mvn_resp\com\google\code\gson\gson\2.8.9\gson-2.8.9.jar;C:\Java\Software\apache-maven-3.6.1-bin\apache-maven-3.6.1\mvn_resp\org\apache\httpcomponents\httpclient\4.5.13\httpclient-4.5.13.jar;C:\Java\Software\apache-maven-3.6.1-bin\apache-maven-3.6.1\mvn_resp\commons-codec\commons-codec\1.15\commons-codec-1.15.jar;C:\Java\Software\apache-maven-3.6.1-bin\apache-maven-3.6.1\mvn_resp\org\apache\httpcomponents\httpcore\4.4.15\httpcore-4.4.15.jar;C:\Java\Software\apache-maven-3.6.1-bin\apache-maven-3.6.1\mvn_resp\commons-logging\commons-logging\1.2\commons-logging-1.2.jar;C:\Java\Software\apache-maven-3.6.1-bin\apache-maven-3.6.1\mvn_resp\javax\xml\bind\jaxb-api\2.3.1\jaxb-api-2.3.1.jar;C:\Java\Software\apache-maven-3.6.1-bin\apache-maven-3.6.1\mvn_resp\javax\activation\javax.activation-api\1.2.0\javax.activation-api-1.2.0.jar;C:\Java\Software\apache-maven-3.6.1-bin\apache-maven-3.6.1\mvn_resp\org\jacoco\org.jacoco.agent\0.8.6\org.jacoco.agent-0.8.6-runtime.jar;C:\Java\Software\apache-maven-3.6.1-bin\apache-maven-3.6.1\mvn_resp\org\ini4j\ini4j\0.5.4\ini4j-0.5.4.jar;C:\Java\Software\apache-maven-3.6.1-bin\apache-maven-3.6.1\mvn_resp\io\opentracing\opentracing-api\0.33.0\opentracing-api-0.33.0.jar;C:\Java\Software\apache-maven-3.6.1-bin\apache-maven-3.6.1\mvn_resp\io\opentracing\opentracing-util\0.33.0\opentracing-util-0.33.0.jar;C:\Java\Software\apache-maven-3.6.1-bin\apache-maven-3.6.1\mvn_resp\io\opentracing\opentracing-noop\0.33.0\opentracing-noop-0.33.0.jar;C:\Java\Software\apache-maven-3.6.1-bin\apache-maven-3.6.1\mvn_resp\com\aliyun\aliyun-java-sdk-dysmsapi\2.1.0\aliyun-java-sdk-dysmsapi-2.1.0.jar;C:\Java\Software\apache-maven-3.6.1-bin\apache-maven-3.6.1\mvn_resp\org\apache\maven\maven-model-builder\3.1.1\maven-model-builder-3.1.1.jar;C:\Java\Software\apache-maven-3.6.1-bin\apache-maven-3.6.1\mvn_resp\org\codehaus\plexus\plexus-utils\3.0.15\plexus-utils-3.0.15.jar;C:\Java\Software\apache-maven-3.6.1-bin\apache-maven-3.6.1\mvn_resp\org\codehaus\plexus\plexus-interpolation\1.19\plexus-interpolation-1.19.jar;C:\Java\Software\apache-maven-3.6.1-bin\apache-maven-3.6.1\mvn_resp\org\codehaus\plexus\plexus-component-annotations\1.5.5\plexus-component-annotations-1.5.5.jar;C:\Java\Software\apache-maven-3.6.1-bin\apache-maven-3.6.1\mvn_resp\org\apache\maven\maven-model\3.1.1\maven-model-3.1.1.jar;C:\Java\Software\apache-maven-3.6.1-bin\apache-maven-3.6.1\mvn_resp\org\springframework\boot\spring-boot-devtools\2.6.3\spring-boot-devtools-2.6.3.jar;"/>
    <property name="java.vm.vendor" value="Amazon.com Inc."/>
    <property name="sun.arch.data.model" value="64"/>
    <property name="user.variant" value=""/>
    <property name="java.vendor.url" value="https://aws.amazon.com/corretto/"/>
    <property name="user.timezone" value="Asia/Shanghai"/>
    <property name="java.vm.specification.version" value="1.8"/>
    <property name="os.name" value="Windows 10"/>
    <property name="user.country" value="CN"/>
    <property name="sun.java.launcher" value="SUN_STANDARD"/>
    <property name="sun.boot.library.path" value="C:\develop\Java\jdk-8\jre\bin"/>
    <property name="sun.java.command" value="C:\Users\Link\AppData\Local\Temp\surefire3325578443584490383\surefirebooter6325854891103357089.jar C:\Users\Link\AppData\Local\Temp\surefire3325578443584490383 2022-02-11T08-30-53_173-jvmRun1 surefire1695887552329557578tmp surefire_04271812829931378777tmp"/>
    <property name="surefire.test.class.path" value="C:\Java\Development\Reggie-project\target\test-classes;C:\Java\Development\Reggie-project\target\classes;C:\Java\Software\apache-maven-3.6.1-bin\apache-maven-3.6.1\mvn_resp\org\springframework\boot\spring-boot-starter\2.6.3\spring-boot-starter-2.6.3.jar;C:\Java\Software\apache-maven-3.6.1-bin\apache-maven-3.6.1\mvn_resp\org\springframework\boot\spring-boot\2.6.3\spring-boot-2.6.3.jar;C:\Java\Software\apache-maven-3.6.1-bin\apache-maven-3.6.1\mvn_resp\org\springframework\spring-context\5.3.15\spring-context-5.3.15.jar;C:\Java\Software\apache-maven-3.6.1-bin\apache-maven-3.6.1\mvn_resp\org\springframework\boot\spring-boot-autoconfigure\2.6.3\spring-boot-autoconfigure-2.6.3.jar;C:\Java\Software\apache-maven-3.6.1-bin\apache-maven-3.6.1\mvn_resp\org\springframework\boot\spring-boot-starter-logging\2.6.3\spring-boot-starter-logging-2.6.3.jar;C:\Java\Software\apache-maven-3.6.1-bin\apache-maven-3.6.1\mvn_resp\ch\qos\logback\logback-classic\1.2.10\logback-classic-1.2.10.jar;C:\Java\Software\apache-maven-3.6.1-bin\apache-maven-3.6.1\mvn_resp\ch\qos\logback\logback-core\1.2.10\logback-core-1.2.10.jar;C:\Java\Software\apache-maven-3.6.1-bin\apache-maven-3.6.1\mvn_resp\org\apache\logging\log4j\log4j-to-slf4j\2.17.1\log4j-to-slf4j-2.17.1.jar;C:\Java\Software\apache-maven-3.6.1-bin\apache-maven-3.6.1\mvn_resp\org\apache\logging\log4j\log4j-api\2.17.1\log4j-api-2.17.1.jar;C:\Java\Software\apache-maven-3.6.1-bin\apache-maven-3.6.1\mvn_resp\org\slf4j\jul-to-slf4j\1.7.33\jul-to-slf4j-1.7.33.jar;C:\Java\Software\apache-maven-3.6.1-bin\apache-maven-3.6.1\mvn_resp\jakarta\annotation\jakarta.annotation-api\1.3.5\jakarta.annotation-api-1.3.5.jar;C:\Java\Software\apache-maven-3.6.1-bin\apache-maven-3.6.1\mvn_resp\org\springframework\spring-core\5.3.15\spring-core-5.3.15.jar;C:\Java\Software\apache-maven-3.6.1-bin\apache-maven-3.6.1\mvn_resp\org\springframework\spring-jcl\5.3.15\spring-jcl-5.3.15.jar;C:\Java\Software\apache-maven-3.6.1-bin\apache-maven-3.6.1\mvn_resp\org\yaml\snakeyaml\1.29\snakeyaml-1.29.jar;C:\Java\Software\apache-maven-3.6.1-bin\apache-maven-3.6.1\mvn_resp\org\springframework\boot\spring-boot-starter-test\2.6.3\spring-boot-starter-test-2.6.3.jar;C:\Java\Software\apache-maven-3.6.1-bin\apache-maven-3.6.1\mvn_resp\org\springframework\boot\spring-boot-test\2.6.3\spring-boot-test-2.6.3.jar;C:\Java\Software\apache-maven-3.6.1-bin\apache-maven-3.6.1\mvn_resp\org\springframework\boot\spring-boot-test-autoconfigure\2.6.3\spring-boot-test-autoconfigure-2.6.3.jar;C:\Java\Software\apache-maven-3.6.1-bin\apache-maven-3.6.1\mvn_resp\com\jayway\jsonpath\json-path\2.6.0\json-path-2.6.0.jar;C:\Java\Software\apache-maven-3.6.1-bin\apache-maven-3.6.1\mvn_resp\net\minidev\json-smart\2.4.7\json-smart-2.4.7.jar;C:\Java\Software\apache-maven-3.6.1-bin\apache-maven-3.6.1\mvn_resp\net\minidev\accessors-smart\2.4.7\accessors-smart-2.4.7.jar;C:\Java\Software\apache-maven-3.6.1-bin\apache-maven-3.6.1\mvn_resp\org\ow2\asm\asm\9.1\asm-9.1.jar;C:\Java\Software\apache-maven-3.6.1-bin\apache-maven-3.6.1\mvn_resp\jakarta\xml\bind\jakarta.xml.bind-api\2.3.3\jakarta.xml.bind-api-2.3.3.jar;C:\Java\Software\apache-maven-3.6.1-bin\apache-maven-3.6.1\mvn_resp\jakarta\activation\jakarta.activation-api\1.2.2\jakarta.activation-api-1.2.2.jar;C:\Java\Software\apache-maven-3.6.1-bin\apache-maven-3.6.1\mvn_resp\org\assertj\assertj-core\3.21.0\assertj-core-3.21.0.jar;C:\Java\Software\apache-maven-3.6.1-bin\apache-maven-3.6.1\mvn_resp\org\hamcrest\hamcrest\2.2\hamcrest-2.2.jar;C:\Java\Software\apache-maven-3.6.1-bin\apache-maven-3.6.1\mvn_resp\org\junit\jupiter\junit-jupiter\5.8.2\junit-jupiter-5.8.2.jar;C:\Java\Software\apache-maven-3.6.1-bin\apache-maven-3.6.1\mvn_resp\org\junit\jupiter\junit-jupiter-api\5.8.2\junit-jupiter-api-5.8.2.jar;C:\Java\Software\apache-maven-3.6.1-bin\apache-maven-3.6.1\mvn_resp\org\opentest4j\opentest4j\1.2.0\opentest4j-1.2.0.jar;C:\Java\Software\apache-maven-3.6.1-bin\apache-maven-3.6.1\mvn_resp\org\junit\platform\junit-platform-commons\1.8.2\junit-platform-commons-1.8.2.jar;C:\Java\Software\apache-maven-3.6.1-bin\apache-maven-3.6.1\mvn_resp\org\apiguardian\apiguardian-api\1.1.2\apiguardian-api-1.1.2.jar;C:\Java\Software\apache-maven-3.6.1-bin\apache-maven-3.6.1\mvn_resp\org\junit\jupiter\junit-jupiter-params\5.8.2\junit-jupiter-params-5.8.2.jar;C:\Java\Software\apache-maven-3.6.1-bin\apache-maven-3.6.1\mvn_resp\org\junit\jupiter\junit-jupiter-engine\5.8.2\junit-jupiter-engine-5.8.2.jar;C:\Java\Software\apache-maven-3.6.1-bin\apache-maven-3.6.1\mvn_resp\org\junit\platform\junit-platform-engine\1.8.2\junit-platform-engine-1.8.2.jar;C:\Java\Software\apache-maven-3.6.1-bin\apache-maven-3.6.1\mvn_resp\org\mockito\mockito-core\4.0.0\mockito-core-4.0.0.jar;C:\Java\Software\apache-maven-3.6.1-bin\apache-maven-3.6.1\mvn_resp\net\bytebuddy\byte-buddy\1.11.22\byte-buddy-1.11.22.jar;C:\Java\Software\apache-maven-3.6.1-bin\apache-maven-3.6.1\mvn_resp\net\bytebuddy\byte-buddy-agent\1.11.22\byte-buddy-agent-1.11.22.jar;C:\Java\Software\apache-maven-3.6.1-bin\apache-maven-3.6.1\mvn_resp\org\objenesis\objenesis\3.2\objenesis-3.2.jar;C:\Java\Software\apache-maven-3.6.1-bin\apache-maven-3.6.1\mvn_resp\org\mockito\mockito-junit-jupiter\4.0.0\mockito-junit-jupiter-4.0.0.jar;C:\Java\Software\apache-maven-3.6.1-bin\apache-maven-3.6.1\mvn_resp\org\skyscreamer\jsonassert\1.5.0\jsonassert-1.5.0.jar;C:\Java\Software\apache-maven-3.6.1-bin\apache-maven-3.6.1\mvn_resp\com\vaadin\external\google\android-json\0.0.20131108.vaadin1\android-json-0.0.20131108.vaadin1.jar;C:\Java\Software\apache-maven-3.6.1-bin\apache-maven-3.6.1\mvn_resp\org\springframework\spring-test\5.3.15\spring-test-5.3.15.jar;C:\Java\Software\apache-maven-3.6.1-bin\apache-maven-3.6.1\mvn_resp\org\xmlunit\xmlunit-core\2.8.4\xmlunit-core-2.8.4.jar;C:\Java\Software\apache-maven-3.6.1-bin\apache-maven-3.6.1\mvn_resp\org\springframework\boot\spring-boot-starter-web\2.6.3\spring-boot-starter-web-2.6.3.jar;C:\Java\Software\apache-maven-3.6.1-bin\apache-maven-3.6.1\mvn_resp\org\springframework\boot\spring-boot-starter-json\2.6.3\spring-boot-starter-json-2.6.3.jar;C:\Java\Software\apache-maven-3.6.1-bin\apache-maven-3.6.1\mvn_resp\com\fasterxml\jackson\core\jackson-databind\2.13.1\jackson-databind-2.13.1.jar;C:\Java\Software\apache-maven-3.6.1-bin\apache-maven-3.6.1\mvn_resp\com\fasterxml\jackson\core\jackson-annotations\2.13.1\jackson-annotations-2.13.1.jar;C:\Java\Software\apache-maven-3.6.1-bin\apache-maven-3.6.1\mvn_resp\com\fasterxml\jackson\core\jackson-core\2.13.1\jackson-core-2.13.1.jar;C:\Java\Software\apache-maven-3.6.1-bin\apache-maven-3.6.1\mvn_resp\com\fasterxml\jackson\datatype\jackson-datatype-jdk8\2.13.1\jackson-datatype-jdk8-2.13.1.jar;C:\Java\Software\apache-maven-3.6.1-bin\apache-maven-3.6.1\mvn_resp\com\fasterxml\jackson\datatype\jackson-datatype-jsr310\2.13.1\jackson-datatype-jsr310-2.13.1.jar;C:\Java\Software\apache-maven-3.6.1-bin\apache-maven-3.6.1\mvn_resp\com\fasterxml\jackson\module\jackson-module-parameter-names\2.13.1\jackson-module-parameter-names-2.13.1.jar;C:\Java\Software\apache-maven-3.6.1-bin\apache-maven-3.6.1\mvn_resp\org\springframework\boot\spring-boot-starter-tomcat\2.6.3\spring-boot-starter-tomcat-2.6.3.jar;C:\Java\Software\apache-maven-3.6.1-bin\apache-maven-3.6.1\mvn_resp\org\apache\tomcat\embed\tomcat-embed-core\9.0.56\tomcat-embed-core-9.0.56.jar;C:\Java\Software\apache-maven-3.6.1-bin\apache-maven-3.6.1\mvn_resp\org\apache\tomcat\embed\tomcat-embed-el\9.0.56\tomcat-embed-el-9.0.56.jar;C:\Java\Software\apache-maven-3.6.1-bin\apache-maven-3.6.1\mvn_resp\org\apache\tomcat\embed\tomcat-embed-websocket\9.0.56\tomcat-embed-websocket-9.0.56.jar;C:\Java\Software\apache-maven-3.6.1-bin\apache-maven-3.6.1\mvn_resp\org\springframework\spring-web\5.3.15\spring-web-5.3.15.jar;C:\Java\Software\apache-maven-3.6.1-bin\apache-maven-3.6.1\mvn_resp\org\springframework\spring-beans\5.3.15\spring-beans-5.3.15.jar;C:\Java\Software\apache-maven-3.6.1-bin\apache-maven-3.6.1\mvn_resp\org\springframework\spring-webmvc\5.3.15\spring-webmvc-5.3.15.jar;C:\Java\Software\apache-maven-3.6.1-bin\apache-maven-3.6.1\mvn_resp\org\springframework\spring-aop\5.3.15\spring-aop-5.3.15.jar;C:\Java\Software\apache-maven-3.6.1-bin\apache-maven-3.6.1\mvn_resp\org\springframework\spring-expression\5.3.15\spring-expression-5.3.15.jar;C:\Java\Software\apache-maven-3.6.1-bin\apache-maven-3.6.1\mvn_resp\com\baomidou\mybatis-plus-boot-starter\3.4.2\mybatis-plus-boot-starter-3.4.2.jar;C:\Java\Software\apache-maven-3.6.1-bin\apache-maven-3.6.1\mvn_resp\com\baomidou\mybatis-plus\3.4.2\mybatis-plus-3.4.2.jar;C:\Java\Software\apache-maven-3.6.1-bin\apache-maven-3.6.1\mvn_resp\com\baomidou\mybatis-plus-extension\3.4.2\mybatis-plus-extension-3.4.2.jar;C:\Java\Software\apache-maven-3.6.1-bin\apache-maven-3.6.1\mvn_resp\com\baomidou\mybatis-plus-core\3.4.2\mybatis-plus-core-3.4.2.jar;C:\Java\Software\apache-maven-3.6.1-bin\apache-maven-3.6.1\mvn_resp\com\baomidou\mybatis-plus-annotation\3.4.2\mybatis-plus-annotation-3.4.2.jar;C:\Java\Software\apache-maven-3.6.1-bin\apache-maven-3.6.1\mvn_resp\com\github\jsqlparser\jsqlparser\4.0\jsqlparser-4.0.jar;C:\Java\Software\apache-maven-3.6.1-bin\apache-maven-3.6.1\mvn_resp\org\mybatis\mybatis\3.5.6\mybatis-3.5.6.jar;C:\Java\Software\apache-maven-3.6.1-bin\apache-maven-3.6.1\mvn_resp\org\mybatis\mybatis-spring\2.0.5\mybatis-spring-2.0.5.jar;C:\Java\Software\apache-maven-3.6.1-bin\apache-maven-3.6.1\mvn_resp\org\springframework\boot\spring-boot-starter-jdbc\2.6.3\spring-boot-starter-jdbc-2.6.3.jar;C:\Java\Software\apache-maven-3.6.1-bin\apache-maven-3.6.1\mvn_resp\com\zaxxer\HikariCP\4.0.3\HikariCP-4.0.3.jar;C:\Java\Software\apache-maven-3.6.1-bin\apache-maven-3.6.1\mvn_resp\org\springframework\spring-jdbc\5.3.15\spring-jdbc-5.3.15.jar;C:\Java\Software\apache-maven-3.6.1-bin\apache-maven-3.6.1\mvn_resp\org\springframework\spring-tx\5.3.15\spring-tx-5.3.15.jar;C:\Java\Software\apache-maven-3.6.1-bin\apache-maven-3.6.1\mvn_resp\org\projectlombok\lombok\1.18.20\lombok-1.18.20.jar;C:\Java\Software\apache-maven-3.6.1-bin\apache-maven-3.6.1\mvn_resp\com\alibaba\fastjson\1.2.76\fastjson-1.2.76.jar;C:\Java\Software\apache-maven-3.6.1-bin\apache-maven-3.6.1\mvn_resp\commons-lang\commons-lang\2.6\commons-lang-2.6.jar;C:\Java\Software\apache-maven-3.6.1-bin\apache-maven-3.6.1\mvn_resp\mysql\mysql-connector-java\8.0.21\mysql-connector-java-8.0.21.jar;C:\Java\Software\apache-maven-3.6.1-bin\apache-maven-3.6.1\mvn_resp\com\alibaba\druid-spring-boot-starter\1.2.1\druid-spring-boot-starter-1.2.1.jar;C:\Java\Software\apache-maven-3.6.1-bin\apache-maven-3.6.1\mvn_resp\com\alibaba\druid\1.2.1\druid-1.2.1.jar;C:\Java\Software\apache-maven-3.6.1-bin\apache-maven-3.6.1\mvn_resp\org\slf4j\slf4j-api\1.7.33\slf4j-api-1.7.33.jar;C:\Java\Software\apache-maven-3.6.1-bin\apache-maven-3.6.1\mvn_resp\com\aliyun\aliyun-java-sdk-core\4.5.16\aliyun-java-sdk-core-4.5.16.jar;C:\Java\Software\apache-maven-3.6.1-bin\apache-maven-3.6.1\mvn_resp\com\google\code\gson\gson\2.8.9\gson-2.8.9.jar;C:\Java\Software\apache-maven-3.6.1-bin\apache-maven-3.6.1\mvn_resp\org\apache\httpcomponents\httpclient\4.5.13\httpclient-4.5.13.jar;C:\Java\Software\apache-maven-3.6.1-bin\apache-maven-3.6.1\mvn_resp\commons-codec\commons-codec\1.15\commons-codec-1.15.jar;C:\Java\Software\apache-maven-3.6.1-bin\apache-maven-3.6.1\mvn_resp\org\apache\httpcomponents\httpcore\4.4.15\httpcore-4.4.15.jar;C:\Java\Software\apache-maven-3.6.1-bin\apache-maven-3.6.1\mvn_resp\commons-logging\commons-logging\1.2\commons-logging-1.2.jar;C:\Java\Software\apache-maven-3.6.1-bin\apache-maven-3.6.1\mvn_resp\javax\xml\bind\jaxb-api\2.3.1\jaxb-api-2.3.1.jar;C:\Java\Software\apache-maven-3.6.1-bin\apache-maven-3.6.1\mvn_resp\javax\activation\javax.activation-api\1.2.0\javax.activation-api-1.2.0.jar;C:\Java\Software\apache-maven-3.6.1-bin\apache-maven-3.6.1\mvn_resp\org\jacoco\org.jacoco.agent\0.8.6\org.jacoco.agent-0.8.6-runtime.jar;C:\Java\Software\apache-maven-3.6.1-bin\apache-maven-3.6.1\mvn_resp\org\ini4j\ini4j\0.5.4\ini4j-0.5.4.jar;C:\Java\Software\apache-maven-3.6.1-bin\apache-maven-3.6.1\mvn_resp\io\opentracing\opentracing-api\0.33.0\opentracing-api-0.33.0.jar;C:\Java\Software\apache-maven-3.6.1-bin\apache-maven-3.6.1\mvn_resp\io\opentracing\opentracing-util\0.33.0\opentracing-util-0.33.0.jar;C:\Java\Software\apache-maven-3.6.1-bin\apache-maven-3.6.1\mvn_resp\io\opentracing\opentracing-noop\0.33.0\opentracing-noop-0.33.0.jar;C:\Java\Software\apache-maven-3.6.1-bin\apache-maven-3.6.1\mvn_resp\com\aliyun\aliyun-java-sdk-dysmsapi\2.1.0\aliyun-java-sdk-dysmsapi-2.1.0.jar;C:\Java\Software\apache-maven-3.6.1-bin\apache-maven-3.6.1\mvn_resp\org\apache\maven\maven-model-builder\3.1.1\maven-model-builder-3.1.1.jar;C:\Java\Software\apache-maven-3.6.1-bin\apache-maven-3.6.1\mvn_resp\org\codehaus\plexus\plexus-utils\3.0.15\plexus-utils-3.0.15.jar;C:\Java\Software\apache-maven-3.6.1-bin\apache-maven-3.6.1\mvn_resp\org\codehaus\plexus\plexus-interpolation\1.19\plexus-interpolation-1.19.jar;C:\Java\Software\apache-maven-3.6.1-bin\apache-maven-3.6.1\mvn_resp\org\codehaus\plexus\plexus-component-annotations\1.5.5\plexus-component-annotations-1.5.5.jar;C:\Java\Software\apache-maven-3.6.1-bin\apache-maven-3.6.1\mvn_resp\org\apache\maven\maven-model\3.1.1\maven-model-3.1.1.jar;C:\Java\Software\apache-maven-3.6.1-bin\apache-maven-3.6.1\mvn_resp\org\springframework\boot\spring-boot-devtools\2.6.3\spring-boot-devtools-2.6.3.jar;"/>
    <property name="sun.cpu.endian" value="little"/>
    <property name="user.home" value="C:\Users\Link"/>
    <property name="user.language" value="zh"/>
    <property name="java.specification.vendor" value="Oracle Corporation"/>
    <property name="java.home" value="C:\develop\Java\jdk-8\jre"/>
    <property name="basedir" value="C:\Java\Development\Reggie-project"/>
    <property name="file.separator" value="\"/>
    <property name="line.separator" value="&#10;"/>
    <property name="java.vm.specification.vendor" value="Oracle Corporation"/>
    <property name="java.specification.name" value="Java Platform API Specification"/>
    <property name="java.awt.graphicsenv" value="sun.awt.Win32GraphicsEnvironment"/>
    <property name="surefire.real.class.path" value="C:\Users\Link\AppData\Local\Temp\surefire3325578443584490383\surefirebooter6325854891103357089.jar"/>
    <property name="sun.boot.class.path" value="C:\develop\Java\jdk-8\jre\lib\resources.jar;C:\develop\Java\jdk-8\jre\lib\rt.jar;C:\develop\Java\jdk-8\jre\lib\sunrsasign.jar;C:\develop\Java\jdk-8\jre\lib\jsse.jar;C:\develop\Java\jdk-8\jre\lib\jce.jar;C:\develop\Java\jdk-8\jre\lib\charsets.jar;C:\develop\Java\jdk-8\jre\lib\jfr.jar;C:\develop\Java\jdk-8\jre\classes"/>
    <property name="user.script" value=""/>
    <property name="sun.management.compiler" value="HotSpot 64-Bit Tiered Compilers"/>
    <property name="java.runtime.version" value="1.8.0_322-b06"/>
    <property name="user.name" value="Link"/>
    <property name="path.separator" value=";"/>
    <property name="os.version" value="10.0"/>
    <property name="java.endorsed.dirs" value="C:\develop\Java\jdk-8\jre\lib\endorsed"/>
    <property name="java.runtime.name" value="OpenJDK Runtime Environment"/>
    <property name="file.encoding" value="GBK"/>
    <property name="java.vm.name" value="OpenJDK 64-Bit Server VM"/>
    <property name="localRepository" value="C:\Java\Software\apache-maven-3.6.1-bin\apache-maven-3.6.1\mvn_resp"/>
    <property name="java.vendor.url.bug" value="https://github.com/corretto/corretto-8/issues/"/>
    <property name="java.io.tmpdir" value="C:\Users\Link\AppData\Local\Temp\"/>
    <property name="idea.version" value="2021.3"/>
    <property name="java.version" value="1.8.0_322"/>
    <property name="user.dir" value="C:\Java\Development\Reggie-project"/>
    <property name="os.arch" value="amd64"/>
    <property name="java.vm.specification.name" value="Java Virtual Machine Specification"/>
    <property name="java.awt.printerjob" value="sun.awt.windows.WPrinterJob"/>
    <property name="sun.os.patch.level" value=""/>
    <property name="java.library.path" value="C:\develop\Java\jdk-8\jre\bin;C:\WINDOWS\Sun\Java\bin;C:\WINDOWS\system32;C:\WINDOWS;C:\develop\Java\jdk-11\bin;C:\ProgramData\Oracle\Java\javapath;C:\Program Files\VanDyke Software\Clients\;C:\Program Files (x86)\VMware\VMware Workstation\bin\;C:\WINDOWS\system32;C:\WINDOWS;C:\WINDOWS\System32\Wbem;C:\WINDOWS\System32\WindowsPowerShell\v1.0\;C:\WINDOWS\System32\OpenSSH\;C:\Program Files\dotnet\;C:\Users\Link\anaconda3\Scripts;C:\Program Files\Git\cmd;C:\Java\Software\mysql-5.7.24-winx64\bin;C:\Java\Software\apache-maven-3.6.1-bin\apache-maven-3.6.1\bin;C:\Program Files\NVIDIA Corporation\NVSMI;C:\Program Files (x86)\NVIDIA Corporation\PhysX\Common;C:\Program Files\NVIDIA Corporation\NVIDIA NvDLISR;C:\Java\Software\;C:\Java\Software\mysql-5.7.24-winx64\bin;H:\;C:\Program Files\Docker\Docker\resources\bin;C:\ProgramData\DockerDesktop\version-bin;C:\Users\Link\AppData\Local\Microsoft\WindowsApps;C:\Users\Link\.dotnet\tools;C:\Mysql\mysql-8.0.11-winx64\bin;;."/>
    <property name="java.vm.info" value="mixed mode"/>
    <property name="java.vendor" value="Amazon.com Inc."/>
    <property name="java.vm.version" value="25.322-b06"/>
    <property name="java.ext.dirs" value="C:\develop\Java\jdk-8\jre\lib\ext;C:\WINDOWS\Sun\Java\lib\ext"/>
    <property name="sun.io.unicode.encoding" value="UnicodeLittle"/>
    <property name="java.class.version" value="52.0"/>
  </properties>
  <testcase name="contextLoads" classname="com.itwang.ReggieOrderApplicationTests" time="0.628"/>
</testsuite>